2019-09-13 11:38:05,591 INFO Now reading json files.
2019-09-13 11:38:05,591 INFO Json file -->users<-- loaded.
2019-09-13 11:38:05,591 INFO Json file -->automations<-- loaded.
2019-09-13 11:38:05,591 INFO Json file -->services<-- loaded.
2019-09-13 12:09:55,745 INFO Now reading json files.
2019-09-13 12:09:55,745 INFO Json file -->users<-- loaded.
2019-09-13 12:09:55,745 INFO Json file -->automations<-- loaded.
2019-09-13 12:09:55,745 INFO Json file -->services<-- loaded.
2019-09-13 12:13:51,833 INFO Now reading json files.
2019-09-13 12:13:51,834 INFO Json file -->users<-- loaded.
2019-09-13 12:13:51,834 INFO Json file -->automations<-- loaded.
2019-09-13 12:13:51,834 INFO Json file -->services<-- loaded.
2019-09-13 12:16:18,898 INFO Now reading json files.
2019-09-13 12:16:18,898 INFO Json file -->users<-- loaded.
2019-09-13 12:16:18,898 INFO Json file -->automations<-- loaded.
2019-09-13 12:16:18,898 INFO Json file -->services<-- loaded.
2019-09-13 12:19:32,992 INFO Now reading json files.
2019-09-13 12:19:32,993 INFO Json file -->users<-- loaded.
2019-09-13 12:19:32,994 INFO Json file -->automations<-- loaded.
2019-09-13 12:19:32,994 INFO Json file -->services<-- loaded.
2019-09-13 12:23:21,702 INFO Now reading json files.
2019-09-13 12:23:21,703 INFO Json file -->users<-- loaded.
2019-09-13 12:23:21,703 INFO Json file -->automations<-- loaded.
2019-09-13 12:23:21,703 INFO Json file -->services<-- loaded.
2019-09-13 12:24:57,106 INFO Now reading json files.
2019-09-13 12:24:57,106 INFO Json file -->users<-- loaded.
2019-09-13 12:24:57,107 INFO Json file -->automations<-- loaded.
2019-09-13 12:24:57,108 INFO Json file -->services<-- loaded.
2019-09-13 12:26:18,800 INFO Now reading json files.
2019-09-13 12:26:18,800 INFO Json file -->users<-- loaded.
2019-09-13 12:26:18,800 INFO Json file -->automations<-- loaded.
2019-09-13 12:26:18,800 INFO Json file -->services<-- loaded.
2019-09-13 12:29:03,179 INFO Now reading json files.
2019-09-13 12:29:03,179 INFO Json file -->users<-- loaded.
2019-09-13 12:29:03,179 INFO Json file -->automations<-- loaded.
2019-09-13 12:29:03,180 INFO Json file -->services<-- loaded.
2019-09-13 12:29:25,327 INFO Now reading json files.
2019-09-13 12:29:25,328 INFO Json file -->users<-- loaded.
2019-09-13 12:29:25,329 INFO Json file -->automations<-- loaded.
2019-09-13 12:29:25,329 INFO Json file -->services<-- loaded.
2019-09-13 12:31:16,900 INFO Now reading json files.
2019-09-13 12:31:16,900 INFO Json file -->users<-- loaded.
2019-09-13 12:31:16,900 INFO Json file -->automations<-- loaded.
2019-09-13 12:31:16,901 INFO Json file -->services<-- loaded.
2019-09-13 12:31:54,535 INFO Now reading json files.
2019-09-13 12:31:54,535 INFO Json file -->users<-- loaded.
2019-09-13 12:31:54,535 INFO Json file -->automations<-- loaded.
2019-09-13 12:31:54,535 INFO Json file -->services<-- loaded.
2019-09-13 12:32:16,755 INFO Now reading json files.
2019-09-13 12:32:16,755 INFO Json file -->users<-- loaded.
2019-09-13 12:32:16,756 INFO Json file -->automations<-- loaded.
2019-09-13 12:32:16,756 INFO Json file -->services<-- loaded.
2019-09-13 12:32:47,359 INFO Now reading json files.
2019-09-13 12:32:47,359 INFO Json file -->users<-- loaded.
2019-09-13 12:32:47,359 INFO Json file -->automations<-- loaded.
2019-09-13 12:32:47,359 INFO Json file -->services<-- loaded.
2019-09-13 12:33:47,143 INFO Now reading json files.
2019-09-13 12:33:47,143 INFO Json file -->users<-- loaded.
2019-09-13 12:33:47,143 INFO Json file -->automations<-- loaded.
2019-09-13 12:33:47,143 INFO Json file -->services<-- loaded.
2019-09-13 12:33:47,147 DEBUG Starting new HTTP connection (1): api.openweathermap.org:80
2019-09-13 12:33:47,294 DEBUG http://api.openweathermap.org:80 "GET /data/2.5/weather?q='Palermo,IT'&units=metric&appid=ec4d49005a9bc48be23f2ce0d2503228 HTTP/1.1" 404 40
2019-09-13 12:37:37,641 INFO Now reading json files.
2019-09-13 12:37:37,641 INFO Json file -->users<-- loaded.
2019-09-13 12:37:37,642 INFO Json file -->automations<-- loaded.
2019-09-13 12:37:37,642 INFO Json file -->services<-- loaded.
2019-09-13 12:37:37,645 DEBUG Starting new HTTP connection (1): api.openweathermap.org:80
2019-09-13 12:37:37,722 DEBUG http://api.openweathermap.org:80 "GET /data/2.5/weather?q='Palermo,IT'&units=metric&appid=ec4d49005a9bc48be23f2ce0d2503228 HTTP/1.1" 404 40
2019-09-13 12:40:09,751 INFO Now reading json files.
2019-09-13 12:40:09,751 INFO Json file -->users<-- loaded.
2019-09-13 12:40:09,752 INFO Json file -->automations<-- loaded.
2019-09-13 12:40:09,752 INFO Json file -->services<-- loaded.
2019-09-13 12:40:09,755 DEBUG Starting new HTTP connection (1): api.openweathermap.org:80
2019-09-13 12:40:09,864 DEBUG http://api.openweathermap.org:80 "GET /data/2.5/weather?q='Palermo,IT'&units=metric&appid=ec4d49005a9bc48be23f2ce0d2503228 HTTP/1.1" 404 40
2019-09-13 12:40:23,488 INFO Now reading json files.
2019-09-13 12:40:23,488 INFO Json file -->users<-- loaded.
2019-09-13 12:40:23,488 INFO Json file -->automations<-- loaded.
2019-09-13 12:40:23,488 INFO Json file -->services<-- loaded.
2019-09-13 12:40:23,493 DEBUG Starting new HTTP connection (1): api.openweathermap.org:80
2019-09-13 12:40:23,562 DEBUG http://api.openweathermap.org:80 "GET /data/2.5/weather?q=Palermo,IT&units=metric&appid=ec4d49005a9bc48be23f2ce0d2503228 HTTP/1.1" 200 456
2019-09-13 12:41:28,804 INFO Now reading json files.
2019-09-13 12:41:28,804 INFO Json file -->users<-- loaded.
2019-09-13 12:41:28,804 INFO Json file -->automations<-- loaded.
2019-09-13 12:41:28,805 INFO Json file -->services<-- loaded.
2019-09-13 12:41:28,808 DEBUG Starting new HTTP connection (1): api.openweathermap.org:80
2019-09-13 12:41:28,856 DEBUG http://api.openweathermap.org:80 "GET /data/2.5/weather?q=Palermo,IT&units=metric&appid=ec4d49005a9bc48be23f2ce0d2503228 HTTP/1.1" 200 456
2019-09-13 12:45:03,532 INFO Now reading json files.
2019-09-13 12:45:03,532 INFO Json file -->users<-- loaded.
2019-09-13 12:45:03,532 INFO Json file -->automations<-- loaded.
2019-09-13 12:45:03,532 INFO Json file -->services<-- loaded.
2019-09-13 12:45:03,535 DEBUG Starting new HTTP connection (1): api.openweathermap.org:80
2019-09-13 12:45:03,599 DEBUG http://api.openweathermap.org:80 "GET /data/2.5/weather?q=Palermo,IT&units=metric&appid=ec4d49005a9bc48be23f2ce0d2503228 HTTP/1.1" 200 456
